<?xml version="1.0" encoding="UTF-8"?>
<!-- Generated by org.testng.reporters.JUnitXMLReporter -->
<testsuite ignored="0" hostname="Tinas-MacBook-Pro.local" failures="0" tests="2" name="Group 1" time="0.515" errors="0" timestamp="2022-10-20T13:52:55 GMT-04:00">
  <testcase classname="test.BaseTest" name="@AfterMethod captureScreenshot" time="0.004">
    <failure type="java.lang.IllegalArgumentException" message="nullis not supported">
      <![CDATA[java.lang.IllegalArgumentException: nullis not supported
at driver.DriverFactory.getDriver(DriverFactory.java:50)
at test.BaseTest.captureScreenshot(BaseTest.java:71)
at java.base/java.util.ArrayList.forEach(ArrayList.java:1541)
at java.base/java.util.concurrent.FutureTask.run(FutureTask.java:264)
at java.base/java.util.concurrent.ThreadPoolExecutor.runWorker(ThreadPoolExecutor.java:1128)
at java.base/java.util.concurrent.ThreadPoolExecutor$Worker.run(ThreadPoolExecutor.java:628)
at java.base/java.lang.Thread.run(Thread.java:871)
... Removed 22 stack frames]]>
    </failure>
  </testcase> <!-- @AfterMethod captureScreenshot -->
  <testcase classname="test.BaseTest" name="@AfterMethod captureScreenshot" time="0.0">
    <skipped/>
  </testcase> <!-- @AfterMethod captureScreenshot -->
  <testcase classname="test.testng.TestNGHook02" name="testSth" time="0.247"/>
  <testcase classname="test.testng.TestNGHook04" name="testSth" time="0.031"/>
</testsuite> <!-- Group 1 -->
